Using pre-set license

 COMMAND LINE ARGUMENTS:
/Applications/Unity/Unity.app/Contents/MacOS/Unity
-adb2
-batchMode
-noUpm
-name
AssetImportWorker0
-projectPath
/Users/carl/Documents/UnityProject/BaseProject
-logFile
Logs/AssetImportWorker0.log
-srvPort
56450
Successfully changed project path to: /Users/carl/Documents/UnityProject/BaseProject
/Users/carl/Documents/UnityProject/BaseProject
Using Asset Import Pipeline V2.
Refreshing native plugins compatible for Editor in 26.43 ms, found 2 plugins.
Preloading 0 native plugins for Editor in 0.00 ms.
Initialize engine version: 2020.3.10f1 (297d780c91bc)
[Subsystems] Discovering subsystems at path /Applications/Unity/Unity.app/Contents/Resources/UnitySubsystems
[Subsystems] Discovering subsystems at path /Users/carl/Documents/UnityProject/BaseProject/Assets
GfxDevice: creating device client; threaded=0
2021-07-07 00:25:05.559 Unity[15405:1473732] (null) preferred device: Apple M1 (high power)
2021-07-07 00:25:05.559 Unity[15405:1473732] Metal devices available: 1
2021-07-07 00:25:05.559 Unity[15405:1473732] 0: Apple M1 (high power)
2021-07-07 00:25:05.559 Unity[15405:1473732] Using device Apple M1 (high power)
Initializing Metal device caps: Apple M1
Initialize mono
Mono path[0] = '/Applications/Unity/Unity.app/Contents/Managed'
Mono path[1] = '/Applications/Unity/Unity.app/Contents/MonoBleedingEdge/lib/mono/unityjit'
Mono config path = '/Applications/Unity/Unity.app/Contents/MonoBleedingEdge/etc'
Using monoOptions --debugger-agent=transport=dt_socket,embedding=1,server=y,suspend=n,address=127.0.0.1:56405
Begin MonoManager ReloadAssembly
Registering precompiled unity dll's ...
Register platform support module: /Applications/Unity/Unity.app/Contents/PlaybackEngines/MacStandaloneSupport/UnityEditor.OSXStandalone.Extensions.dll
Register platform support module: /Applications/Unity/PlaybackEngines/WindowsStandaloneSupport/UnityEditor.WindowsStandalone.Extensions.dll
Registered in 0.002485 seconds.
Native extension for WindowsStandalone target not found
Native extension for OSXStandalone target not found
Refreshing native plugins compatible for Editor in 24.12 ms, found 2 plugins.
Preloading 0 native plugins for Editor in 0.00 ms.
Mono: successfully reloaded assembly
- Completed reload, in  1.919 seconds
Platform modules already initialized, skipping
Registering precompiled user dll's ...
Registered in 0.003894 seconds.
Begin MonoManager ReloadAssembly
Native extension for WindowsStandalone target not found
Native extension for OSXStandalone target not found
Refreshing native plugins compatible for Editor in 0.26 ms, found 2 plugins.
Preloading 0 native plugins for Editor in 0.00 ms.
Mono: successfully reloaded assembly
- Completed reload, in  2.092 seconds
Platform modules already initialized, skipping
========================================================================
Worker process is ready to serve import requests
Launching external process: /Applications/Unity/Unity.app/Contents/Tools/UnityShaderCompiler
Launched and connected shader compiler UnityShaderCompiler after 0.02 seconds
Refreshing native plugins compatible for Editor in 0.25 ms, found 2 plugins.
Preloading 0 native plugins for Editor in 0.00 ms.
Unloading 1386 Unused Serialized files (Serialized files now loaded: 0)
System memory in use before: 133.3 MB.
System memory in use after: 133.3 MB.

Unloading 19 unused Assets to reduce memory usage. Loaded Objects now: 1819.
Total: 1.356167 ms (FindLiveObjects: 0.098292 ms CreateObjectMapping: 0.026042 ms MarkObjects: 1.158500 ms  DeleteObjects: 0.072500 ms)

========================================================================
Received Import Request.
  path: Assets/Scenes/SampleScene.unity
  artifactKey: Guid(9fc0d4010bbf28b4594072e72b8655ab) Importer(815301076,1909f56bfc062723c751e8b465ee728b)
Start importing Assets/Scenes/SampleScene.unity using Guid(9fc0d4010bbf28b4594072e72b8655ab) Importer(815301076,1909f56bfc062723c751e8b465ee728b)  -> (artifact id: '85059f4f9e1a832ed95adaa0d25c5c4c') in 0.015889 seconds
  Import took 0.018213 seconds .

========================================================================
Received Import Request.
  Time since last request: 8.230593 seconds.
  path: Assets/C
  artifactKey: Guid(ba8e510e53151453b862a176ce826620) Importer(815301076,1909f56bfc062723c751e8b465ee728b)
Start importing Assets/C using Guid(ba8e510e53151453b862a176ce826620) Importer(815301076,1909f56bfc062723c751e8b465ee728b)  -> (artifact id: 'fef8ff346acd0aa7ca6d7fa03e85e52b') in 0.001514 seconds
  Import took 0.003753 seconds .

========================================================================
Received Import Request.
  Time since last request: 0.000958 seconds.
  path: Assets/C
  artifactKey: Guid(ba8e510e53151453b862a176ce826620) Importer(815301076,1909f56bfc062723c751e8b465ee728b)
Start importing Assets/C using Guid(ba8e510e53151453b862a176ce826620) Importer(815301076,1909f56bfc062723c751e8b465ee728b)  -> (artifact id: 'fef8ff346acd0aa7ca6d7fa03e85e52b') in 0.000829 seconds
  Import took 0.002581 seconds .

========================================================================
Received Import Request.
  Time since last request: 7.864638 seconds.
  path: Assets/Common
  artifactKey: Guid(ba8e510e53151453b862a176ce826620) Importer(815301076,1909f56bfc062723c751e8b465ee728b)
Start importing Assets/Common using Guid(ba8e510e53151453b862a176ce826620) Importer(815301076,1909f56bfc062723c751e8b465ee728b)  -> (artifact id: '5197bb566f675ab4b822704d707346c8') in 0.001812 seconds
  Import took 0.004270 seconds .

========================================================================
Received Import Request.
  Time since last request: 12.277971 seconds.
  path: Assets/Scenes
  artifactKey: Guid(fe2edb5945b284a10839d1931a5a5b27) Importer(815301076,1909f56bfc062723c751e8b465ee728b)
Start importing Assets/Scenes using Guid(fe2edb5945b284a10839d1931a5a5b27) Importer(815301076,1909f56bfc062723c751e8b465ee728b)  -> (artifact id: '4e7da803b58c328dd939ec2629990baf') in 0.001367 seconds
  Import took 0.004370 seconds .

========================================================================
Received Import Request.
  Time since last request: 26.466366 seconds.
  path: Assets/Common/Prefab
  artifactKey: Guid(173a4ade32c2445dfb13f8dc373bdc72) Importer(815301076,1909f56bfc062723c751e8b465ee728b)
Start importing Assets/Common/Prefab using Guid(173a4ade32c2445dfb13f8dc373bdc72) Importer(815301076,1909f56bfc062723c751e8b465ee728b)  -> (artifact id: 'c8ffec7a9a65bbe7a99a53e42d071c8c') in 0.001420 seconds
  Import took 0.003600 seconds .

========================================================================
Received Import Request.
  Time since last request: 20.228301 seconds.
  path: Assets/Common/Script
  artifactKey: Guid(2246a58da50fe45e5a60911c80699bd7) Importer(815301076,1909f56bfc062723c751e8b465ee728b)
Start importing Assets/Common/Script using Guid(2246a58da50fe45e5a60911c80699bd7) Importer(815301076,1909f56bfc062723c751e8b465ee728b)  -> (artifact id: 'fbe0483cb14d41b137876498aab81326') in 0.001397 seconds
  Import took 0.003551 seconds .

========================================================================
Received Import Request.
  Time since last request: 17.440517 seconds.
  path: Assets/Common/Scene
  artifactKey: Guid(0489114bff8ed49d0b4eda45db44da19) Importer(815301076,1909f56bfc062723c751e8b465ee728b)
Start importing Assets/Common/Scene using Guid(0489114bff8ed49d0b4eda45db44da19) Importer(815301076,1909f56bfc062723c751e8b465ee728b)  -> (artifact id: '16593a8d4065bd436c68ce2bbee38f05') in 0.001662 seconds
  Import took 0.004237 seconds .

========================================================================
Received Import Request.
  Time since last request: 25.119487 seconds.
  path: Assets/Common/Scene/Grid.unity
  artifactKey: Guid(6f3849a50fc07459a80136739900d532) Importer(815301076,1909f56bfc062723c751e8b465ee728b)
Start importing Assets/Common/Scene/Grid.unity using Guid(6f3849a50fc07459a80136739900d532) Importer(815301076,1909f56bfc062723c751e8b465ee728b)  -> (artifact id: 'da9f09186e3e44553c41e9f289849b2f') in 0.002209 seconds
  Import took 0.004298 seconds .

========================================================================
Received Import Request.
  Time since last request: 17.193312 seconds.
  path: Assets/Common/Scene/GridListExample.unity
  artifactKey: Guid(6f3849a50fc07459a80136739900d532) Importer(815301076,1909f56bfc062723c751e8b465ee728b)
Start importing Assets/Common/Scene/GridListExample.unity using Guid(6f3849a50fc07459a80136739900d532) Importer(815301076,1909f56bfc062723c751e8b465ee728b)  -> (artifact id: '4ee1520e391f89d89092fa008a5a82cb') in 0.003081 seconds
  Import took 0.005855 seconds .

========================================================================
Received Import Request.
  Time since last request: 19.637974 seconds.
  path: Assets/Common/Editor
  artifactKey: Guid(28e30747b8dc64373995e64636219516) Importer(815301076,1909f56bfc062723c751e8b465ee728b)
Start importing Assets/Common/Editor using Guid(28e30747b8dc64373995e64636219516) Importer(815301076,1909f56bfc062723c751e8b465ee728b)  -> (artifact id: '53d75d3c7455874a0939fa1707f30199') in 0.001372 seconds
  Import took 0.003593 seconds .

